<?xml version="1.0" encoding="UTF-8"?>
<testng-results skipped="0" failed="0" total="1" passed="1">
  <reporter-output>
  </reporter-output>
  <suite name="Default suite" duration-ms="488253" started-at="2021-02-21T07:03:23Z" finished-at="2021-02-21T07:11:31Z">
    <groups>
    </groups>
    <test name="Default test" duration-ms="488253" started-at="2021-02-21T07:03:23Z" finished-at="2021-02-21T07:11:31Z">
      <class name="seleniumgluecode.FloowDriveTest">
        <test-method status="PASS" signature="SetExtent()[pri:0, instance:seleniumgluecode.FloowDriveTest@64bfbc86]" name="SetExtent" is-config="true" duration-ms="163" started-at="2021-02-21T12:33:23Z" finished-at="2021-02-21T12:33:23Z">
          <reporter-output>
          </reporter-output>
        </test-method> <!-- SetExtent -->
        <test-method status="PASS" signature="HomePageNavigation()[pri:0, instance:seleniumgluecode.FloowDriveTest@64bfbc86]" name="HomePageNavigation" is-config="true" duration-ms="28382" started-at="2021-02-21T12:33:23Z" finished-at="2021-02-21T12:33:51Z">
          <reporter-output>
          </reporter-output>
        </test-method> <!-- HomePageNavigation -->
        <test-method status="PASS" signature="FloowDriveFunctionality()[pri:0, instance:seleniumgluecode.FloowDriveTest@64bfbc86]" name="FloowDriveFunctionality" duration-ms="453495" started-at="2021-02-21T12:33:51Z" finished-at="2021-02-21T12:41:25Z">
          <reporter-output>
          </reporter-output>
        </test-method> <!-- FloowDriveFunctionality -->
        <test-method status="PASS" signature="tearDown(org.testng.ITestResult)[pri:0, instance:seleniumgluecode.FloowDriveTest@64bfbc86]" name="tearDown" is-config="true" duration-ms="1965" started-at="2021-02-21T12:41:25Z" finished-at="2021-02-21T12:41:27Z">
          <params>
            <param index="0">
              <value>
                <![CDATA[[TestResult name=FloowDriveFunctionality status=SUCCESS method=FloowDriveTest.FloowDriveFunctionality()[pri:0, instance:seleniumgluecode.FloowDriveTest@64bfbc86] output={null}]]]>
              </value>
            </param>
          </params>
          <reporter-output>
          </reporter-output>
        </test-method> <!-- tearDown -->
        <test-method status="PASS" signature="endReport()[pri:0, instance:seleniumgluecode.FloowDriveTest@64bfbc86]" name="endReport" is-config="true" duration-ms="3709" started-at="2021-02-21T12:41:27Z" finished-at="2021-02-21T12:41:31Z">
          <reporter-output>
          </reporter-output>
        </test-method> <!-- endReport -->
      </class> <!-- seleniumgluecode.FloowDriveTest -->
    </test> <!-- Default test -->
  </suite> <!-- Default suite -->
</testng-results>
